<?xml version="1.0" encoding="UTF-8"?>
<!-- Generated by org.testng.reporters.JUnitXMLReporter -->
<testsuite ignored="1" hostname="LAPTOP-8P6DPJ13" failures="0" tests="1" name="Default test" time="10.345" errors="0" timestamp="2025-03-13T20:14:49 IST">
  <testcase classname="com.sevenrmartsupermarket.tests.CategoryTest" name="verifySearchButtonClick" time="2.406"/>
  <testcase classname="com.sevenrmartsupermarket.tests.CategoryTest" name="verifyNewButtonText" time="0.0">
    <ignored/>
  </testcase> <!-- verifyNewButtonText -->
</testsuite> <!-- Default test -->
