<?xml version="1.0" encoding="UTF-8"?>
<!-- Generated by org.testng.reporters.JUnitXMLReporter -->
<testsuite ignored="0" hostname="LAPTOP-8P6DPJ13" failures="0" tests="3" name="Testcase2" time="22.927" errors="0" timestamp="2025-03-10T20:45:00 IST">
  <testcase classname="com.sevenrmartsupermarket.tests.HomeTest" name="isAdminLogoEnable" time="1.105"/>
  <testcase classname="com.sevenrmartsupermarket.tests.HomeTest" name="verifyAdminLogo" time="1.203"/>
  <testcase classname="com.sevenrmartsupermarket.tests.HomeTest" name="verifyAdminUserInfo" time="3.942"/>
</testsuite> <!-- Testcase2 -->
