<?xml version="1.0" encoding="UTF-8"?>
<!-- Generated by org.testng.reporters.JUnitXMLReporter -->
<testsuite ignored="6" hostname="LAPTOP-8P6DPJ13" failures="0" tests="2" name="Regression Run" time="20.696" errors="0" timestamp="2025-03-10T21:17:55 IST">
  <testcase classname="com.sevenrmartsupermarket.tests.LoginTest" name="verifyLogin" time="6.058"/>
  <testcase classname="com.sevenrmartsupermarket.tests.HomeTest" name="isAdminLogoEnable" time="6.05"/>
  <testcase classname="com.sevenrmartsupermarket.tests.AdminUsersTest" name="verifyAddUserStatus" time="0.0">
    <ignored/>
  </testcase> <!-- verifyAddUserStatus -->
  <testcase classname="com.sevenrmartsupermarket.tests.HomeTest" name="verifyAdminLogo" time="0.0">
    <ignored/>
  </testcase> <!-- verifyAdminLogo -->
  <testcase classname="com.sevenrmartsupermarket.tests.CategoryTest" name="verifyNewButtonText" time="0.0">
    <ignored/>
  </testcase> <!-- verifyNewButtonText -->
  <testcase classname="com.sevenrmartsupermarket.tests.AdminUsersTest" name="verifyAdminUserHeader" time="0.0">
    <ignored/>
  </testcase> <!-- verifyAdminUserHeader -->
  <testcase classname="com.sevenrmartsupermarket.tests.AdminUsersTest" name="verifyNewButtonText" time="0.0">
    <ignored/>
  </testcase> <!-- verifyNewButtonText -->
  <testcase classname="com.sevenrmartsupermarket.tests.HomeTest" name="verifyAdminUserInfo" time="0.0">
    <ignored/>
  </testcase> <!-- verifyAdminUserInfo -->
</testsuite> <!-- Regression Run -->
