<?xml version="1.0" encoding="UTF-8"?>
<testng-results ignored="1" total="2" passed="1" failed="0" skipped="0">
  <reporter-output>
  </reporter-output>
  <suite started-at="2025-03-13T20:14:38 IST" name="Default suite" finished-at="2025-03-13T20:14:49 IST" duration-ms="10345">
    <groups>
    </groups>
    <test started-at="2025-03-13T20:14:38 IST" name="Default test" finished-at="2025-03-13T20:14:49 IST" duration-ms="10345">
      <class name="com.sevenrmartsupermarket.tests.CategoryTest">
        <test-method is-config="true" signature="launchSession()[pri:0, instance:com.sevenrmartsupermarket.tests.CategoryTest@26794848]" started-at="2025-03-13T20:14:38 IST" name="launchSession" finished-at="2025-03-13T20:14:46 IST" duration-ms="7848" status="PASS">
          <reporter-output>
          </reporter-output>
        </test-method> <!-- launchSession -->
        <test-method signature="verifySearchButtonClick()[pri:0, instance:com.sevenrmartsupermarket.tests.CategoryTest@26794848]" started-at="2025-03-13T20:14:46 IST" name="verifySearchButtonClick" finished-at="2025-03-13T20:14:49 IST" duration-ms="2406" status="PASS">
          <reporter-output>
          </reporter-output>
        </test-method> <!-- verifySearchButtonClick -->
        <test-method is-config="true" signature="terminateSession(org.testng.ITestResult)[pri:0, instance:com.sevenrmartsupermarket.tests.CategoryTest@26794848]" started-at="2025-03-13T20:14:49 IST" name="terminateSession" finished-at="2025-03-13T20:14:49 IST" duration-ms="5" status="PASS">
          <params>
            <param index="0">
              <value>
                <![CDATA[[TestResult name=verifySearchButtonClick status=SUCCESS method=CategoryTest.verifySearchButtonClick()[pri:0, instance:com.sevenrmartsupermarket.tests.CategoryTest@26794848] output={null}]]]>
              </value>
            </param>
          </params>
          <reporter-output>
          </reporter-output>
        </test-method> <!-- terminateSession -->
      </class> <!-- com.sevenrmartsupermarket.tests.CategoryTest -->
    </test> <!-- Default test -->
  </suite> <!-- Default suite -->
</testng-results>
